<?xml version="1.0" encoding="UTF-8"?>
<?xml-stylesheet type="text/xsl" href="ivy-report.xsl"?>
<ivy-report version="1.0">
	<info
		organisation="kojo"
		module="kojo_2.10"
		revision="2.1"
		conf="test"
		confs="compile, runtime, test, provided, optional, compile-internal, runtime-internal, test-internal, plugin, sources, docs, pom"
		date="20130506150737"/>
	<dependencies>
		<module organisation="com.novocode" name="junit-interface">
			<revision name="0.10-M2" status="release" pubdate="20121022090427" resolver="public" artresolver="public" homepage="http://github.com/szeiger/junit-interface/" downloaded="false" searched="false" default="false" conf="default(compile), default, compile, runtime, master" position="19">
				<license name="Two-clause BSD-style license" url="http://github.com/szeiger/junit-interface/blob/master/LICENSE.txt"/>
				<metadata-artifact status="no" details="" size="2752" time="0" location="/Users/samijaber/.ivy2/cache/com.novocode/junit-interface/ivy-0.10-M2.xml" searched="false" origin-is-local="false" origin-location="http://repo1.maven.org/maven2/com/novocode/junit-interface/0.10-M2/junit-interface-0.10-M2.pom"/>
				<caller organisation="kojo" name="kojo_2.10" conf="test, compile, runtime" rev="0.10-M2" rev-constraint-default="0.10-M2" rev-constraint-dynamic="0.10-M2" callerrev="2.1"/>
				<artifacts>
					<artifact name="junit-interface" type="jar" ext="jar" status="no" details="" size="23144" time="0" location="/Users/samijaber/.ivy2/cache/com.novocode/junit-interface/jars/junit-interface-0.10-M2.jar">
						<origin-location is-local="false" location="http://repo1.maven.org/maven2/com/novocode/junit-interface/0.10-M2/junit-interface-0.10-M2.jar"/>
					</artifact>
				</artifacts>
			</revision>
		</module>
		<module organisation="junit" name="junit-dep">
			<revision name="4.10" status="release" pubdate="20110929151235" resolver="public" artresolver="public" homepage="http://junit.org" downloaded="false" searched="false" default="false" conf="compile, master(*), runtime, compile(*), runtime(*), master" position="20">
				<license name="Common Public License Version 1.0" url="http://www.opensource.org/licenses/cpl1.0.txt"/>
				<metadata-artifact status="no" details="" size="2773" time="0" location="/Users/samijaber/.ivy2/cache/junit/junit-dep/ivy-4.10.xml" searched="false" origin-is-local="false" origin-location="http://repo1.maven.org/maven2/junit/junit-dep/4.10/junit-dep-4.10.pom"/>
				<caller organisation="com.novocode" name="junit-interface" conf="default, compile, runtime, master" rev="4.10" rev-constraint-default="4.10" rev-constraint-dynamic="4.10" callerrev="0.10-M2"/>
				<artifacts>
					<artifact name="junit-dep" type="jar" ext="jar" status="no" details="" size="234088" time="0" location="/Users/samijaber/.ivy2/cache/junit/junit-dep/jars/junit-dep-4.10.jar">
						<origin-location is-local="false" location="http://repo1.maven.org/maven2/junit/junit-dep/4.10/junit-dep-4.10.jar"/>
					</artifact>
				</artifacts>
			</revision>
		</module>
		<module organisation="org.scalatest" name="scalatest_2.10.0">
			<revision name="2.0.M5" status="release" pubdate="20121220194110" resolver="public" artresolver="public" homepage="http://www.scalatest.org" downloaded="false" searched="false" default="false" conf="default(compile), default, compile, runtime, master" position="18">
				<license name="the Apache License, ASL Version 2.0" url="http://www.apache.org/licenses/LICENSE-2.0"/>
				<metadata-artifact status="no" details="" size="5200" time="0" location="/Users/samijaber/.ivy2/cache/org.scalatest/scalatest_2.10.0/ivy-2.0.M5.xml" searched="false" origin-is-local="false" origin-location="http://repo1.maven.org/maven2/org/scalatest/scalatest_2.10.0/2.0.M5/scalatest_2.10.0-2.0.M5.pom"/>
				<caller organisation="kojo" name="kojo_2.10" conf="test, compile, runtime" rev="2.0.M5" rev-constraint-default="2.0.M5" rev-constraint-dynamic="2.0.M5" callerrev="2.1"/>
				<artifacts>
					<artifact name="scalatest_2.10.0" type="jar" ext="jar" status="no" details="" size="3998221" time="0" location="/Users/samijaber/.ivy2/cache/org.scalatest/scalatest_2.10.0/jars/scalatest_2.10.0-2.0.M5.jar">
						<origin-location is-local="false" location="http://repo1.maven.org/maven2/org/scalatest/scalatest_2.10.0/2.0.M5/scalatest_2.10.0-2.0.M5.jar"/>
					</artifact>
				</artifacts>
			</revision>
		</module>
		<module organisation="org.scalacheck" name="scalacheck_2.10.0">
			<revision name="1.10.0" status="release" pubdate="20121220062551" resolver="public" artresolver="public" homepage="http://www.scalacheck.org" downloaded="false" searched="false" default="false" conf="default(compile), default, compile, runtime, master" position="17">
				<license name="BSD-style" url="http://www.opensource.org/licenses/bsd-license.php"/>
				<metadata-artifact status="no" details="" size="2813" time="0" location="/Users/samijaber/.ivy2/cache/org.scalacheck/scalacheck_2.10.0/ivy-1.10.0.xml" searched="false" origin-is-local="false" origin-location="http://repo1.maven.org/maven2/org/scalacheck/scalacheck_2.10.0/1.10.0/scalacheck_2.10.0-1.10.0.pom"/>
				<caller organisation="kojo" name="kojo_2.10" conf="test, compile, runtime" rev="1.10.0" rev-constraint-default="1.10.0" rev-constraint-dynamic="1.10.0" callerrev="2.1"/>
				<artifacts>
					<artifact name="scalacheck_2.10.0" type="jar" ext="jar" status="no" details="" size="840559" time="0" location="/Users/samijaber/.ivy2/cache/org.scalacheck/scalacheck_2.10.0/jars/scalacheck_2.10.0-1.10.0.jar">
						<origin-location is-local="false" location="http://repo1.maven.org/maven2/org/scalacheck/scalacheck_2.10.0/1.10.0/scalacheck_2.10.0-1.10.0.jar"/>
					</artifact>
				</artifacts>
			</revision>
		</module>
		<module organisation="org.scala-tools.testing" name="test-interface">
			<revision name="0.5" status="release" pubdate="20100327193658" resolver="sbt-chain" artresolver="sbt-chain" homepage="" downloaded="false" searched="false" default="false" conf="compile, master(*), runtime, compile(*), runtime(*), master" position="21">
				<metadata-artifact status="no" details="" size="2210" time="0" location="/Users/samijaber/.ivy2/cache/org.scala-tools.testing/test-interface/ivy-0.5.xml" searched="false" origin-is-local="false" origin-location="http://repo1.maven.org/maven2/org/scala-tools/testing/test-interface/0.5/test-interface-0.5.pom"/>
				<caller organisation="com.novocode" name="junit-interface" conf="default, compile, runtime, master" rev="0.5" rev-constraint-default="0.5" rev-constraint-dynamic="0.5" callerrev="0.10-M2"/>
				<artifacts>
					<artifact name="test-interface" type="jar" ext="jar" status="no" details="" size="4407" time="0" location="/Users/samijaber/.ivy2/cache/org.scala-tools.testing/test-interface/jars/test-interface-0.5.jar">
						<origin-location is-local="false" location="http://repo1.maven.org/maven2/org/scala-tools/testing/test-interface/0.5/test-interface-0.5.jar"/>
					</artifact>
				</artifacts>
			</revision>
		</module>
		<module organisation="org.jmock" name="jmock-junit4">
			<revision name="2.5.1" status="release" pubdate="20080826103034" resolver="public" artresolver="public" homepage="" downloaded="false" searched="false" default="false" conf="default(compile), default, compile, runtime, master" position="16">
				<metadata-artifact status="no" details="" size="3305" time="0" location="/Users/samijaber/.ivy2/cache/org.jmock/jmock-junit4/ivy-2.5.1.xml" searched="false" origin-is-local="false" origin-location="http://repo1.maven.org/maven2/org/jmock/jmock-junit4/2.5.1/jmock-junit4-2.5.1.pom"/>
				<caller organisation="kojo" name="kojo_2.10" conf="test, compile, runtime" rev="2.5.1" rev-constraint-default="2.5.1" rev-constraint-dynamic="2.5.1" callerrev="2.1"/>
				<artifacts>
					<artifact name="jmock-junit4" type="jar" ext="jar" status="no" details="" size="8569" time="0" location="/Users/samijaber/.ivy2/cache/org.jmock/jmock-junit4/jars/jmock-junit4-2.5.1.jar">
						<origin-location is-local="false" location="http://repo1.maven.org/maven2/org/jmock/jmock-junit4/2.5.1/jmock-junit4-2.5.1.jar"/>
					</artifact>
				</artifacts>
			</revision>
		</module>
		<module organisation="org.jmock" name="jmock-legacy">
			<revision name="2.5.1" status="release" pubdate="20080826103049" resolver="public" artresolver="public" homepage="" downloaded="false" searched="false" default="false" conf="default(compile), default, compile, runtime, master" position="13">
				<metadata-artifact status="no" details="" size="3321" time="0" location="/Users/samijaber/.ivy2/cache/org.jmock/jmock-legacy/ivy-2.5.1.xml" searched="false" origin-is-local="false" origin-location="http://repo1.maven.org/maven2/org/jmock/jmock-legacy/2.5.1/jmock-legacy-2.5.1.pom"/>
				<caller organisation="kojo" name="kojo_2.10" conf="test, compile, runtime" rev="2.5.1" rev-constraint-default="2.5.1" rev-constraint-dynamic="2.5.1" callerrev="2.1"/>
				<artifacts>
					<artifact name="jmock-legacy" type="jar" ext="jar" status="no" details="" size="14535" time="0" location="/Users/samijaber/.ivy2/cache/org.jmock/jmock-legacy/jars/jmock-legacy-2.5.1.jar">
						<origin-location is-local="false" location="http://repo1.maven.org/maven2/org/jmock/jmock-legacy/2.5.1/jmock-legacy-2.5.1.jar"/>
					</artifact>
				</artifacts>
			</revision>
		</module>
		<module organisation="cglib" name="cglib-nodep">
			<revision name="2.1_3" status="release" pubdate="20051108171406" resolver="public" artresolver="public" homepage="http://cglib.sourceforge.net/" downloaded="false" searched="false" default="false" conf="default(compile), default, compile, master(*), runtime, compile(*), runtime(*), master" position="15">
				<metadata-artifact status="no" details="" size="2217" time="0" location="/Users/samijaber/.ivy2/cache/cglib/cglib-nodep/ivy-2.1_3.xml" searched="false" origin-is-local="false" origin-location="http://repo1.maven.org/maven2/cglib/cglib-nodep/2.1_3/cglib-nodep-2.1_3.pom"/>
				<caller organisation="org.jmock" name="jmock-legacy" conf="default, compile, runtime, master" rev="2.1_3" rev-constraint-default="2.1_3" rev-constraint-dynamic="2.1_3" callerrev="2.5.1"/>
				<caller organisation="kojo" name="kojo_2.10" conf="test, compile, runtime" rev="2.1_3" rev-constraint-default="2.1_3" rev-constraint-dynamic="2.1_3" callerrev="2.1"/>
				<artifacts>
					<artifact name="cglib-nodep" type="jar" ext="jar" status="no" details="" size="324238" time="0" location="/Users/samijaber/.ivy2/cache/cglib/cglib-nodep/jars/cglib-nodep-2.1_3.jar">
						<origin-location is-local="false" location="http://repo1.maven.org/maven2/cglib/cglib-nodep/2.1_3/cglib-nodep-2.1_3.jar"/>
					</artifact>
				</artifacts>
			</revision>
		</module>
		<module organisation="org.objenesis" name="objenesis">
			<revision name="1.0" status="release" pubdate="20070516183006" resolver="public" artresolver="public" homepage="http://objenesis.googlecode.com/svn/docs/index.html" downloaded="false" searched="false" default="false" conf="default(compile), default, compile, master(*), runtime, compile(*), runtime(*), master" position="14">
				<license name="MIT License" url="http://objenesis.googlecode.com/svn/docs/license.html"/>
				<metadata-artifact status="no" details="" size="2392" time="0" location="/Users/samijaber/.ivy2/cache/org.objenesis/objenesis/ivy-1.0.xml" searched="false" origin-is-local="false" origin-location="http://repo1.maven.org/maven2/org/objenesis/objenesis/1.0/objenesis-1.0.pom"/>
				<caller organisation="org.jmock" name="jmock-legacy" conf="default, compile, runtime, master" rev="1.0" rev-constraint-default="1.0" rev-constraint-dynamic="1.0" callerrev="2.5.1"/>
				<caller organisation="kojo" name="kojo_2.10" conf="test, compile, runtime" rev="1.0" rev-constraint-default="1.0" rev-constraint-dynamic="1.0" callerrev="2.1"/>
				<artifacts>
					<artifact name="objenesis" type="jar" ext="jar" status="no" details="" size="28569" time="0" location="/Users/samijaber/.ivy2/cache/org.objenesis/objenesis/jars/objenesis-1.0.jar">
						<origin-location is-local="false" location="http://repo1.maven.org/maven2/org/objenesis/objenesis/1.0/objenesis-1.0.jar"/>
					</artifact>
				</artifacts>
			</revision>
		</module>
		<module organisation="org.jmock" name="jmock">
			<revision name="2.5.1" status="release" pubdate="20080826102945" resolver="public" artresolver="public" homepage="" downloaded="false" searched="false" default="false" conf="default(compile), default, compile, master(*), compile(*), runtime, runtime(*), master" position="11">
				<metadata-artifact status="no" details="" size="3193" time="0" location="/Users/samijaber/.ivy2/cache/org.jmock/jmock/ivy-2.5.1.xml" searched="false" origin-is-local="false" origin-location="http://repo1.maven.org/maven2/org/jmock/jmock/2.5.1/jmock-2.5.1.pom"/>
				<caller organisation="org.jmock" name="jmock-legacy" conf="default, compile, runtime, master" rev="2.5.1" rev-constraint-default="2.5.1" rev-constraint-dynamic="2.5.1" callerrev="2.5.1"/>
				<caller organisation="kojo" name="kojo_2.10" conf="test, compile, runtime" rev="2.5.1" rev-constraint-default="2.5.1" rev-constraint-dynamic="2.5.1" callerrev="2.1"/>
				<artifacts>
					<artifact name="jmock" type="jar" ext="jar" status="no" details="" size="138197" time="0" location="/Users/samijaber/.ivy2/cache/org.jmock/jmock/jars/jmock-2.5.1.jar">
						<origin-location is-local="false" location="http://repo1.maven.org/maven2/org/jmock/jmock/2.5.1/jmock-2.5.1.jar"/>
					</artifact>
				</artifacts>
			</revision>
		</module>
		<module organisation="org.hamcrest" name="hamcrest-library">
			<revision name="1.1" status="release" pubdate="20070718151315" resolver="public" artresolver="public" homepage="" downloaded="false" searched="false" default="false" conf="default(compile), default, compile, master(*), runtime, compile(*), runtime(*), master" position="12">
				<metadata-artifact status="no" details="" size="4463" time="0" location="/Users/samijaber/.ivy2/cache/org.hamcrest/hamcrest-library/ivy-1.1.xml" searched="false" origin-is-local="false" origin-location="http://repo1.maven.org/maven2/org/hamcrest/hamcrest-library/1.1/hamcrest-library-1.1.pom"/>
				<caller organisation="org.jmock" name="jmock" conf="default, compile, runtime, master" rev="1.1" rev-constraint-default="1.1" rev-constraint-dynamic="1.1" callerrev="2.5.1"/>
				<caller organisation="kojo" name="kojo_2.10" conf="test, compile, runtime" rev="1.1" rev-constraint-default="1.1" rev-constraint-dynamic="1.1" callerrev="2.1"/>
				<artifacts>
					<artifact name="hamcrest-library" type="jar" ext="jar" status="no" details="" size="111504" time="0" location="/Users/samijaber/.ivy2/cache/org.hamcrest/hamcrest-library/jars/hamcrest-library-1.1.jar">
						<origin-location is-local="false" location="http://repo1.maven.org/maven2/org/hamcrest/hamcrest-library/1.1/hamcrest-library-1.1.jar"/>
					</artifact>
				</artifacts>
			</revision>
		</module>
		<module organisation="junit" name="junit">
			<revision name="4.10" status="release" pubdate="20110929151223" resolver="public" artresolver="public" homepage="http://junit.org" downloaded="false" searched="false" default="false" conf="default(compile), default, compile, runtime, master" position="9">
				<license name="Common Public License Version 1.0" url="http://www.opensource.org/licenses/cpl1.0.txt"/>
				<metadata-artifact status="no" details="" size="2765" time="0" location="/Users/samijaber/.ivy2/cache/junit/junit/ivy-4.10.xml" searched="false" origin-is-local="false" origin-location="http://repo1.maven.org/maven2/junit/junit/4.10/junit-4.10.pom"/>
				<caller organisation="kojo" name="kojo_2.10" conf="test, compile, runtime" rev="4.10" rev-constraint-default="4.10" rev-constraint-dynamic="4.10" callerrev="2.1"/>
				<artifacts>
					<artifact name="junit" type="jar" ext="jar" status="no" details="" size="253160" time="0" location="/Users/samijaber/.ivy2/cache/junit/junit/jars/junit-4.10.jar">
						<origin-location is-local="false" location="http://repo1.maven.org/maven2/junit/junit/4.10/junit-4.10.jar"/>
					</artifact>
				</artifacts>
			</revision>
		</module>
		<module organisation="org.hamcrest" name="hamcrest-core">
			<revision name="1.1" status="release" pubdate="20070718151143" resolver="public" artresolver="public" homepage="" downloaded="false" searched="false" default="false" conf="default(compile), default, compile, master(*), runtime, compile(*), runtime(*), master" position="10">
				<metadata-artifact status="no" details="" size="4321" time="0" location="/Users/samijaber/.ivy2/cache/org.hamcrest/hamcrest-core/ivy-1.1.xml" searched="false" origin-is-local="false" origin-location="http://repo1.maven.org/maven2/org/hamcrest/hamcrest-core/1.1/hamcrest-core-1.1.pom"/>
				<caller organisation="org.jmock" name="jmock" conf="default, compile, runtime, master" rev="1.1" rev-constraint-default="1.1" rev-constraint-dynamic="1.1" callerrev="2.5.1"/>
				<caller organisation="junit" name="junit" conf="default, compile, runtime, master" rev="1.1" rev-constraint-default="1.1" rev-constraint-dynamic="1.1" callerrev="4.10"/>
				<caller organisation="kojo" name="kojo_2.10" conf="test, compile, runtime" rev="1.1" rev-constraint-default="1.1" rev-constraint-dynamic="1.1" callerrev="2.1"/>
				<caller organisation="junit" name="junit-dep" conf="compile, runtime" rev="1.1" rev-constraint-default="1.1" rev-constraint-dynamic="1.1" callerrev="4.10"/>
				<caller organisation="org.hamcrest" name="hamcrest-library" conf="default, compile, runtime, master" rev="1.1" rev-constraint-default="1.1" rev-constraint-dynamic="1.1" callerrev="1.1"/>
				<artifacts>
					<artifact name="hamcrest-core" type="jar" ext="jar" status="no" details="" size="76643" time="0" location="/Users/samijaber/.ivy2/cache/org.hamcrest/hamcrest-core/jars/hamcrest-core-1.1.jar">
						<origin-location is-local="false" location="http://repo1.maven.org/maven2/org/hamcrest/hamcrest-core/1.1/hamcrest-core-1.1.jar"/>
					</artifact>
				</artifacts>
			</revision>
		</module>
		<module organisation="com.h2database" name="h2">
			<revision name="1.3.168" status="release" pubdate="20120713111808" resolver="public" artresolver="public" homepage="http://www.h2database.com" downloaded="false" searched="false" default="false" conf="default(compile), default, compile, runtime, master" position="8">
				<license name="The H2 License, Version 1.0" url="http://h2database.com/html/license.html"/>
				<metadata-artifact status="no" details="" size="2337" time="0" location="/Users/samijaber/.ivy2/cache/com.h2database/h2/ivy-1.3.168.xml" searched="false" origin-is-local="false" origin-location="http://repo1.maven.org/maven2/com/h2database/h2/1.3.168/h2-1.3.168.pom"/>
				<caller organisation="kojo" name="kojo_2.10" conf="test, compile, runtime" rev="1.3.168" rev-constraint-default="1.3.168" rev-constraint-dynamic="1.3.168" callerrev="2.1"/>
				<artifacts>
					<artifact name="h2" type="jar" ext="jar" status="no" details="" size="1280753" time="0" location="/Users/samijaber/.ivy2/cache/com.h2database/h2/jars/h2-1.3.168.jar">
						<origin-location is-local="false" location="http://repo1.maven.org/maven2/com/h2database/h2/1.3.168/h2-1.3.168.jar"/>
					</artifact>
				</artifacts>
			</revision>
		</module>
		<module organisation="com.vividsolutions" name="jts">
			<revision name="1.12" status="release" pubdate="20110626051209" resolver="public" artresolver="public" homepage="http://sourceforge.net/projects/jts-topo-suite" downloaded="false" searched="false" default="false" conf="default(compile), default, compile, runtime, master" position="7">
				<license name="Lesser General Public License (LGPL)" url="http://www.gnu.org/copyleft/lesser.txt"/>
				<metadata-artifact status="no" details="" size="3095" time="0" location="/Users/samijaber/.ivy2/cache/com.vividsolutions/jts/ivy-1.12.xml" searched="false" origin-is-local="false" origin-location="http://repo1.maven.org/maven2/com/vividsolutions/jts/1.12/jts-1.12.pom"/>
				<caller organisation="kojo" name="kojo_2.10" conf="test, compile, runtime" rev="1.12" rev-constraint-default="1.12" rev-constraint-dynamic="1.12" callerrev="2.1"/>
				<artifacts>
					<artifact name="jts" type="jar" ext="jar" status="no" details="" size="770462" time="0" location="/Users/samijaber/.ivy2/cache/com.vividsolutions/jts/jars/jts-1.12.jar">
						<origin-location is-local="false" location="http://repo1.maven.org/maven2/com/vividsolutions/jts/1.12/jts-1.12.jar"/>
					</artifact>
				</artifacts>
			</revision>
		</module>
		<module organisation="org.piccolo2d" name="piccolo2d-extras">
			<revision name="1.3.1" status="release" pubdate="20110414233955" resolver="public" artresolver="public" homepage="" downloaded="false" searched="false" default="false" conf="default(compile), default, compile, runtime, master" position="6">
				<metadata-artifact status="no" details="" size="3325" time="0" location="/Users/samijaber/.ivy2/cache/org.piccolo2d/piccolo2d-extras/ivy-1.3.1.xml" searched="false" origin-is-local="false" origin-location="http://repo1.maven.org/maven2/org/piccolo2d/piccolo2d-extras/1.3.1/piccolo2d-extras-1.3.1.pom"/>
				<caller organisation="kojo" name="kojo_2.10" conf="test, compile, runtime" rev="1.3.1" rev-constraint-default="1.3.1" rev-constraint-dynamic="1.3.1" callerrev="2.1"/>
				<artifacts>
					<artifact name="piccolo2d-extras" type="bundle" ext="jar" status="no" details="" size="149136" time="0" location="/Users/samijaber/.ivy2/cache/org.piccolo2d/piccolo2d-extras/bundles/piccolo2d-extras-1.3.1.jar">
						<origin-location is-local="false" location="http://repo1.maven.org/maven2/org/piccolo2d/piccolo2d-extras/1.3.1/piccolo2d-extras-1.3.1.jar"/>
					</artifact>
				</artifacts>
			</revision>
		</module>
		<module organisation="org.piccolo2d" name="piccolo2d-core">
			<revision name="1.3.1" status="release" pubdate="20110414233922" resolver="public" artresolver="public" homepage="" downloaded="false" searched="false" default="false" conf="default(compile), default, compile, master(*), compile(*), runtime, runtime(*), master" position="5">
				<metadata-artifact status="no" details="" size="3181" time="0" location="/Users/samijaber/.ivy2/cache/org.piccolo2d/piccolo2d-core/ivy-1.3.1.xml" searched="false" origin-is-local="false" origin-location="http://repo1.maven.org/maven2/org/piccolo2d/piccolo2d-core/1.3.1/piccolo2d-core-1.3.1.pom"/>
				<caller organisation="kojo" name="kojo_2.10" conf="test, compile, runtime" rev="1.3.1" rev-constraint-default="1.3.1" rev-constraint-dynamic="1.3.1" callerrev="2.1"/>
				<caller organisation="org.piccolo2d" name="piccolo2d-extras" conf="default, compile, runtime, master" rev="1.3.1" rev-constraint-default="1.3.1" rev-constraint-dynamic="1.3.1" callerrev="1.3.1"/>
				<artifacts>
					<artifact name="piccolo2d-core" type="bundle" ext="jar" status="no" details="" size="121474" time="0" location="/Users/samijaber/.ivy2/cache/org.piccolo2d/piccolo2d-core/bundles/piccolo2d-core-1.3.1.jar">
						<origin-location is-local="false" location="http://repo1.maven.org/maven2/org/piccolo2d/piccolo2d-core/1.3.1/piccolo2d-core-1.3.1.jar"/>
					</artifact>
				</artifacts>
			</revision>
		</module>
		<module organisation="org.scala-lang" name="scala-swing">
			<revision name="2.10.1" status="release" pubdate="20130312190747" resolver="public" artresolver="public" homepage="http://www.scala-lang.org/" downloaded="false" searched="false" default="false" conf="default(compile), default, compile, runtime, master" position="4">
				<license name="BSD-like" url="http://www.scala-lang.org/downloads/license.html          "/>
				<metadata-artifact status="no" details="" size="2526" time="0" location="/Users/samijaber/.ivy2/cache/org.scala-lang/scala-swing/ivy-2.10.1.xml" searched="false" origin-is-local="false" origin-location="http://repo1.maven.org/maven2/org/scala-lang/scala-swing/2.10.1/scala-swing-2.10.1.pom"/>
				<caller organisation="kojo" name="kojo_2.10" conf="test, compile, runtime" rev="2.10.1" rev-constraint-default="2.10.1" rev-constraint-dynamic="2.10.1" callerrev="2.1"/>
				<artifacts>
					<artifact name="scala-swing" type="jar" ext="jar" status="no" details="" size="708935" time="0" location="/Users/samijaber/.ivy2/cache/org.scala-lang/scala-swing/jars/scala-swing-2.10.1.jar">
						<origin-location is-local="false" location="http://repo1.maven.org/maven2/org/scala-lang/scala-swing/2.10.1/scala-swing-2.10.1.jar"/>
					</artifact>
				</artifacts>
			</revision>
		</module>
		<module organisation="org.scala-lang" name="scala-actors">
			<revision name="2.10.1" status="release" pubdate="20130312190904" resolver="public" artresolver="public" homepage="http://www.scala-lang.org/" downloaded="false" searched="false" default="false" conf="default(compile), default, compile, runtime, master" position="3">
				<license name="BSD-like" url="http://www.scala-lang.org/downloads/license.html          "/>
				<metadata-artifact status="no" details="" size="2548" time="0" location="/Users/samijaber/.ivy2/cache/org.scala-lang/scala-actors/ivy-2.10.1.xml" searched="false" origin-is-local="false" origin-location="http://repo1.maven.org/maven2/org/scala-lang/scala-actors/2.10.1/scala-actors-2.10.1.pom"/>
				<caller organisation="kojo" name="kojo_2.10" conf="test, compile, runtime" rev="2.10.1" rev-constraint-default="2.10.1" rev-constraint-dynamic="2.10.1" callerrev="2.1"/>
				<artifacts>
					<artifact name="scala-actors" type="jar" ext="jar" status="no" details="" size="450110" time="0" location="/Users/samijaber/.ivy2/cache/org.scala-lang/scala-actors/jars/scala-actors-2.10.1.jar">
						<origin-location is-local="false" location="http://repo1.maven.org/maven2/org/scala-lang/scala-actors/2.10.1/scala-actors-2.10.1.jar"/>
					</artifact>
				</artifacts>
			</revision>
		</module>
		<module organisation="org.scala-lang" name="scala-compiler">
			<revision name="2.10.1" status="release" pubdate="20130312190713" resolver="sbt-chain" artresolver="sbt-chain" homepage="http://www.scala-lang.org/" downloaded="false" searched="false" default="false" conf="default(compile), default, compile, runtime, master" position="1">
				<license name="BSD-like" url="http://www.scala-lang.org/downloads/license.html    "/>
				<metadata-artifact status="no" details="" size="2809" time="0" location="/Users/samijaber/.ivy2/cache/org.scala-lang/scala-compiler/ivy-2.10.1.xml" searched="false" origin-is-local="false" origin-location="http://repo1.maven.org/maven2/org/scala-lang/scala-compiler/2.10.1/scala-compiler-2.10.1.pom"/>
				<caller organisation="kojo" name="kojo_2.10" conf="test, compile, runtime" rev="2.10.1" rev-constraint-default="2.10.1" rev-constraint-dynamic="2.10.1" callerrev="2.1"/>
				<artifacts>
				</artifacts>
			</revision>
		</module>
		<module organisation="org.scala-lang" name="scala-reflect">
			<revision name="2.10.1" status="release" pubdate="20130312190549" resolver="sbt-chain" artresolver="sbt-chain" homepage="http://www.scala-lang.org/" downloaded="false" searched="false" default="false" conf="default(compile), default, compile, master(*), runtime, compile(*), runtime(*), master" position="2">
				<license name="BSD-like" url="http://www.scala-lang.org/downloads/license.html    "/>
				<metadata-artifact status="no" details="" size="2552" time="0" location="/Users/samijaber/.ivy2/cache/org.scala-lang/scala-reflect/ivy-2.10.1.xml" searched="false" origin-is-local="false" origin-location="http://repo1.maven.org/maven2/org/scala-lang/scala-reflect/2.10.1/scala-reflect-2.10.1.pom"/>
				<caller organisation="kojo" name="kojo_2.10" conf="test, compile, runtime" rev="2.10.1" rev-constraint-default="2.10.1" rev-constraint-dynamic="2.10.1" callerrev="2.1"/>
				<caller organisation="org.scala-lang" name="scala-compiler" conf="default, compile, runtime, master" rev="2.10.1" rev-constraint-default="2.10.1" rev-constraint-dynamic="2.10.1" callerrev="2.10.1"/>
				<artifacts>
					<artifact name="scala-reflect" type="jar" ext="jar" status="no" details="" size="3178531" time="0" location="/Users/samijaber/.ivy2/cache/org.scala-lang/scala-reflect/jars/scala-reflect-2.10.1.jar">
						<origin-location is-local="false" location="http://repo1.maven.org/maven2/org/scala-lang/scala-reflect/2.10.1/scala-reflect-2.10.1.jar"/>
					</artifact>
				</artifacts>
			</revision>
		</module>
		<module organisation="org.scala-lang" name="scala-library">
			<revision name="2.10.1" status="release" pubdate="20130312190420" resolver="sbt-chain" artresolver="sbt-chain" homepage="http://www.scala-lang.org/" downloaded="false" searched="false" default="false" conf="default(compile), default, compile, master(*), compile(*), runtime, runtime(*), master" position="0">
				<license name="BSD-like" url="http://www.scala-lang.org/downloads/license.html          "/>
				<metadata-artifact status="no" details="" size="2392" time="0" location="/Users/samijaber/.ivy2/cache/org.scala-lang/scala-library/ivy-2.10.1.xml" searched="false" origin-is-local="false" origin-location="http://repo1.maven.org/maven2/org/scala-lang/scala-library/2.10.1/scala-library-2.10.1.pom"/>
				<caller organisation="org.scala-lang" name="scala-actors" conf="default, compile, runtime, master" rev="2.10.1" rev-constraint-default="2.10.1" rev-constraint-dynamic="2.10.1" callerrev="2.10.1"/>
				<caller organisation="kojo" name="kojo_2.10" conf="test, compile, runtime" rev="2.10.1" rev-constraint-default="2.10.1" rev-constraint-dynamic="2.10.1" callerrev="2.1"/>
				<caller organisation="org.scala-lang" name="scala-swing" conf="default, compile, runtime, master" rev="2.10.1" rev-constraint-default="2.10.1" rev-constraint-dynamic="2.10.1" callerrev="2.10.1"/>
				<caller organisation="org.scala-lang" name="scala-reflect" conf="compile, runtime" rev="2.10.1" rev-constraint-default="2.10.1" rev-constraint-dynamic="2.10.1" callerrev="2.10.1"/>
				<caller organisation="org.scala-lang" name="scala-compiler" conf="default, compile, runtime, master" rev="2.10.1" rev-constraint-default="2.10.1" rev-constraint-dynamic="2.10.1" callerrev="2.10.1"/>
				<caller organisation="org.scalatest" name="scalatest_2.10.0" conf="default, compile, runtime, master" rev="2.10.1" rev-constraint-default="2.10.1" rev-constraint-dynamic="2.10.0" callerrev="2.0.M5"/>
				<artifacts>
				</artifacts>
			</revision>
		</module>
	</dependencies>
</ivy-report>
